[2025-06-13 20:06:58] gAAAAABoTDeKsvzRiotyTjofGkyoyvN9dOFXhrj0GDDwbu6FCL0JyS5si_8I2zOsPYqs9vRHnJDnu9kiow0cma1kYHAZcJccjQ==
[2025-06-13 20:06:58] gAAAAABoTDeKikQZsfZqRjn3BbU2bV0fcR_OVy0iGa2uT14tEd4Pdq7kxj_o9EsEJ-erUkA73zJ_hooTGREAseZQDGZOB-qMhA==
[2025-06-13 20:06:59] gAAAAABoTDeL_eSznRvGKopsxrbc_sK7lSuCtmeAg_OWscd_9aEBOoU1hbIr-DAgeHVpZZwHmrFxWus0fpGpdBgtNKaQiW7mIA==
[2025-06-13 20:06:59] gAAAAABoTDeLqwdSq5xq-LGtsGBJQjhm65li-n2nCpyws0nSitStnB40cCRY12v45frdWV61wLlPGZKAmCqIOPwQJUCgf5FPFw==
[2025-06-13 20:07:00] gAAAAABoTDeMnNurW9T9bpESZ6_NEJ30Bk03ysK4EC9GS2vlLn8cz15sVAmpVu4qndw8yb04qZIjGLgLLyC2urfZ3a7k5RXVPQ==
[2025-06-13 20:07:00] gAAAAABoTDeMtrfaGNb-oLyTCuJJA_IQ8lLiEcXCAo0oCiNuZ_OQ3HJGUI95p8Onz260YktPMJlCMNdNMG_Rutpcg4E5qgY46w==
[2025-06-13 20:07:00] gAAAAABoTDeMNeLYl40-482F5GC-uYoSv5HYCXw_TlE22hWYJgkXZlLIUreckDm4cl7tUD4GKTmSl-2SDhbqoOO7oklYEnJUEg==
[2025-06-17 10:25:17] gAAAAABoUPU1VUFFKV6SmcjjWXZ_1RfC8wGz0KTVlCKw9NlobEJBGG8_muoNJw_zd4DmpYDpgV3g6DIqbwe6zFLe6snKMjCeEA==
[2025-06-17 10:25:17] gAAAAABoUPU1AsGBLHSsFiE9U7pielYoDFmNlIDfvFw-iKH-kZ1lznsgC8nx_j8oUbStqT-r7Zl4EC1Eo45-HkA74M_CP-qLrQ==
[2025-06-17 10:25:19] gAAAAABoUPU3IDmbj_LR3Eaby0Yw4glNoxU1j8JQ1Ced_3HfGxH6da0PEKd_PnaGH5dXoGM3V6EZ8HG4x7gq8FsXANoeD-t0Hg==
[2025-06-17 10:25:19] gAAAAABoUPU3Ga12s3AB3_l9Aj5QdVU5vtbtjmU402lZlhZLBgF2lZsJHtI3o3dq7KO9blv55kF3djbSj0YBsxN-dZo7qXMnbQ==
[2025-06-17 10:25:19] gAAAAABoUPU3wjo7uvT1CK5YA_1uobnbNy9A8W3uSa_tUvDChXnKs-BR--CtvA1Kd3qLz6kHSEAE2z_wsnjjCW9pHxBJs1eszw==
[2025-06-17 10:25:19] gAAAAABoUPU39HVkBU41CBYeQRD2EKEVdAcWVtZ7JcyG-gz0TlV-gXlm77CmAfRh2yG_27TFK2UMQP_Ln8uz9ig4vb3ZpL7hQQ==
[2025-06-17 10:25:20] gAAAAABoUPU41BOnRgXr-Xo-FN0WchWaOWFVJS9QH2_gHNUe0o2XzoJNS75tx4cZtYP0c16sxrLajBO7yfAn_AqsaxGYWfAn4Q==
[2025-06-17 10:25:20] gAAAAABoUPU4O5EPdqYWKhuMSri_OepHqyeWA28GRC-_va2vftXDiHmcP_BirXpf2M2BqB-wK8-FwN4JXnhmxvT9TJuznXmJ7g==
[2025-06-17 10:25:20] gAAAAABoUPU4AKrkIukgs-MRZa2ISps_2ILPrn8N0exl18vK9Vq4zpeu6YJloZIK9P4P8nTW905EWo3gu045l88RaDzb8EmXog==
[2025-06-17 10:25:20] gAAAAABoUPU4jSFEhgBYc3xhrQeOqQfU8VVWJsUXV1OwyTxVVEpJoz7-PqxBwli9vm07Epv1gp-AkvGsXH1QsXCj6-FfIiohww==
[2025-06-17 10:26:09] gAAAAABoUPVpPGbLSlr124aZ7E3AIJmBzTTNO1MCu726pixkmhkmyBJHtNyKsBgnjC2lwnxsnwEcemVRfoR_TBoxzPcA0dAQ7g==
[2025-06-17 10:26:09] gAAAAABoUPVpt4Ox-JUg2sHa5IslhuGQ4_EiPqzsWVuDBV1jTEa6dGD1MK9MlVYhEJ0_HX9Xj-xjp1mK7vTN4bKvsmjo9oYk3g==
[2025-06-17 10:26:10] gAAAAABoUPVqRQn5uHnJ2LxZMFq1OlvtyWgzR74QymA-Jh-mbNL0DYf0vfLg53Q6q3Q9zVOPSSJUurMOtyMsvTSO8d8fmjE0kQ==
[2025-06-17 10:26:10] gAAAAABoUPVq_3-bYCe6U-4eX4dC4Cp9BOUDRnsxtF4ifPENfFrf1qWxLYMxg76MS1K8L1g64q_8LrrJipdpfsSkUbM2VnUwiw==
[2025-06-17 10:26:10] gAAAAABoUPVqqVt2922-tZYS74gXxZv2VijT2W7NDabf7Lqg0wT25x0QSpHyvlfSHFQ7R7eNNH-aQk-U3Sj4JCO52BnqwyDvgA==
[2025-06-17 10:26:10] gAAAAABoUPVqRSAJspO4t0aH9lbCxt-6FnyJs59u_bzpI4g3fO8xh34q-XG0LSPinBqzMi9Qylrr96ewvUvv4aB14IBp-450cg==
[2025-06-17 10:26:11] gAAAAABoUPVrt6nPkWcGm5gPAhA6fIkJmZilwHlQyFfrWPqJBSXh5jqbcJc7a7iSSVIf_k93eODPQ367Bz0rTP3hki7l42vR-Q==
[2025-06-17 10:26:11] gAAAAABoUPVrRUvo6jafJ8ytb_UbMv_ZaBFBzDY8IHosA7KV-emYEQLQ2E_esf_2SVtxn1qOtSNWsbFpTw1Tb3yckoQitQzeAQ==
[2025-06-17 10:26:11] gAAAAABoUPVrh91mASsxtPtIQNP4KQg8uT3L5MAtrJgyNpDIa5RBXIiQf76a-yojTZPVnnWcug4xcNhvCgxqQ_6B95yqKhoZng==
[2025-06-17 10:26:11] gAAAAABoUPVr2FXTq8DXXey0PLxV3SU_5_eqWx-vi_k5za1devtVHbfvB5xS5QFVknPgnUJYF5rjLXNP-kiicf3Qe2-ddqeqOg==
[2025-06-17 10:26:12] gAAAAABoUPVsrRFy8-kpZYkXMcBnlqGopuf0owJiPMItHWX9LU1CS0BQl0ix9ZvHsrXgfEuW_2mjpXeLItIVsh4n7wOLK73hvg==
[2025-06-17 10:26:12] gAAAAABoUPVsTi-5q-53YyOxPwVzG6rTKeiKY3SE4ix-kEonp8PIeLVHmM14rTnaPgk4KCKEWOghaqtuOl0D9OAHbeiPcZxC3g==
[2025-06-17 10:26:12] gAAAAABoUPVsBxnIWlygMhWL-8qZSDnIDIuniL3DvBTDBQPnqwi6JoQm7oTe6oa0sf5-XE7i2me_GcMy3IKy1fFhjQG8-whtiA==
[2025-06-17 10:26:12] gAAAAABoUPVsLmiVH0h64CcG7Ly9h1V7Ggi_KC5PnmQnpCIMxPhVxxPp0MGeSCGtqFzy2a2GQ3wgmiHuqQKlocxTCcge9WIb3w==
[2025-06-17 10:26:12] gAAAAABoUPVsL77TJ4sSI4we2Ut8C__Z-4bpCiJvJCzbSj7kO1smWogTuFt9PFf02rK-ZrFSEyMa8lHIT6FuVqEjaRGdg61TBg==
[2025-06-17 10:26:13] gAAAAABoUPVtXJjzSvE9UGO22FN8of0_By2vGZnzqatlb6hRhHguH4mBRzT5sm0-PFTRndH2HKbZEYQiRQmnWfB_uXpQupW-kg==
[2025-06-17 10:26:33] gAAAAABoUPWBZF8gCTVv6o3u5G2AIyGYR4skUipnos0EE9Wu5FnxtuqGCQxFabog-fdlC56tIGmi4Umr6-haF9jONx_RxpGUqg==
[2025-06-17 10:26:33] gAAAAABoUPWBMsAWmt5sOo5nKbRw2yUfvvfitIfSEphfcZKRdC4E6YTSJtT4CLfck9SF2sVDFpIHNPm7s1rc8-RRtNAw7IaR2A==
[2025-06-17 10:26:33] gAAAAABoUPWBBn-IPaeIZiEi8lnwUpjqMBtd8Ed4LmVZkZpYpB61-vI4_Tmm5kYxBGcJN3zDXl37YyVYdMJDQaomvRmGHTzFdg==
[2025-06-17 10:26:33] gAAAAABoUPWBG6tRFVWjuVRJV23v67nArKNm4x8s6shP29fG_N1-i06vXE_tvn_5NfYDfW5xr8snf8IGfKEjTprCxmGDGxTXLQ==
[2025-06-17 10:26:34] gAAAAABoUPWCqvKBwH1OkWyDmMBG1_RUolyfOlu9jZET_E-PgSrlEClRk6crQuJ79qNuysrhn7oVKqKMa0YrweahOAMnYle66w==
[2025-06-17 10:26:34] gAAAAABoUPWC8pKPSoKiJfUp9_UcqCi2i3zO87WTwT_SK_U3cEF9MxPf5m7LEng0Dwxbgt4IMdj1hJEsUV4VpD0ei2aCJ_MWQw==
[2025-06-17 10:26:34] gAAAAABoUPWCyz_VHygU13E0zMF7K1rDo3KHfQ9k5jvMkVr3MQafr7nhTGYhpMaGSa5-Pt6JX48WoqTeZRxANa7KyKBMEOsDUg==
[2025-06-17 10:26:35] gAAAAABoUPWDswuT6CtSoNwPDCkVLwLMdJ0xQ4mEh1b__PYEDD2sIcvULuVny8p3JSDp2XYsydvUMQC8CVuLwqcMnKr22W80hA==
[2025-06-17 10:26:35] gAAAAABoUPWDX_TrMA8Rl0cF2Z2YYMhKPp1zlaxQZY9-NwqeajYMxFFuVXDwuSOm-E5KSsDke3HrL5tW4nZSdM0GIv7BBP8BRQ==
[2025-06-17 10:26:35] gAAAAABoUPWDiXqWIldriBL0gQDbb6cp5kfwSjXzHSXVP_uBGdyA8vJZLw7zlElQk863nQCToNpGljkzBJupU3_LiCChX_DoTQ==
[2025-06-17 10:26:35] gAAAAABoUPWDvBjk1g2EgGKnRXxT2kRFrj2AtQmgZ0NflXx_I_uLhsDWfQhZh55ZBjkyGSqhpUJ56dpUbimrxVXOV7CdEqhMeg==
[2025-06-17 10:26:36] gAAAAABoUPWE4sJX_RFzcPbWX4-p8DD2YQB4-CHS75njZtzFhrJt8aupuCbSm_Np1gdaSHsNK50mjf4f5ugsPS78vbOKSOMFeQ==
[2025-06-17 10:27:00] gAAAAABoUPWcWrZO5TiGqM36QR79w32St1R7mdO_n4bOi_b4oIn3QJAmu3EYJp43qqGiDt67FqnFFpWQs25NPre2JQBlZSTOmQ==
[2025-06-24 12:53:30] gAAAAABoWlJyeQTQH2H5QufHGPcEljQO6dPVkoBfugf_aQfb3H1RxY-a-FLs9iXlD05axNE2Ey7U3Uj9inw-rADbQQri5MpzNA==
[2025-06-24 12:55:00] gAAAAABoWlLMpRhnjMUwTunELCIe3ZByJbp8tnk5pW_n0rlCtIqFCu0GrJpu0abyhL2PbUQCPk8dijiulq7zeD3qop_TBEBXcA==
[2025-06-24 12:55:10] gAAAAABoWlLVHtDCVJI8pDqvbsTMXrvFV1C4hc4oowI0Pqcf0cKQ875CUtvLmNFKtTz-nTw9L8pAsXV_HgMX7avvuUw418slyg==
[2025-06-24 12:55:10] gAAAAABoWlLW-I-8PIBh89as3AAj2C4xRc2vpuOsy7nrP_X2NpHPJ0PAJ4fhGC0CQ-igrYm6Ys1mHuR3-YTLTBNn-dYsb6a4KA==
[2025-06-24 12:55:10] gAAAAABoWlLWeD4NvBxivscuYOyJkFl9ZWD3U8OZfWEgtDXW8_BhRhOlNeSEumHDip3HVE8KbhbkqUjRKnfjg0Yqz4gWNHHPTQ==
[2025-06-24 12:55:11] gAAAAABoWlLXL_p466d1g0HCzmCkJVyR66ut2vYk3AqmGG59wBqI2ahQsl8YbczFXTLhWPUh2CmXk6SwqNOA4jbl4L5MBZpQug==
[2025-06-24 13:07:58] gAAAAABoWlXW6FJKhmIK8UN4raBtkr6iXXW3xZdTY2wzRdjGRt32Uptm2blP8MjgaoACJzU8WK8o_yfzjDmaTXVzuOz8uo7krQ==
[2025-06-24 13:07:58] gAAAAABoWlXWkh8Kj7veaDPf_AaZjAPD5AR8UGS-yGf_1Q6iBT_C8Ke_IFm0Q3N9zGOB8gZ1cLUGZXhcbwHEgg3uYqFOuQj4_A==
[2025-06-24 13:07:58] gAAAAABoWlXWEbBe7gFZSIQtSqrx_J6Z3nr1PzoWMFnBxoweoJM8KPAfNzKx7snSU85Na3Mriz6j9n6kiWkb5acVFFp7bI5sHg==
[2025-06-24 13:08:04] gAAAAABoWlXc7kovN4Qah-4HFV-LFfiAjZTxSZCtT-rsQgDbXiIHqHIcbhRuYgqsgFz7QAKUkQ6zSOjMFuRQfV_1_owYWbw0dw==
[2025-06-24 13:08:04] gAAAAABoWlXc1KaVsDDkG6vjmq1I75H0blYNA5NMJtd2C2k1f3e-oPw45cbSdJu-UN6Ju2XMLzpaHnG_4wT62ai0zE-yLOq3sQ==
[2025-06-24 13:08:04] gAAAAABoWlXcpv7IxDclFbPkcjgR_wjlUjNaGFcY8fBr_p3xJkMUb1erF1v-ueQt5vzuoLeDuQCZatNqvRL1ci3847AyoztMcQ==
[2025-06-24 13:08:34] gAAAAABoWlX6PkAxZRCU2L3SH1X8wvOESF0TXL4q3oFfF-YE3Ooyg_bwgLnls8YOMG9JqAqi0v1hGXdqmuSuuuYLznyzvi9osA==
[2025-06-24 13:08:35] gAAAAABoWlX7yeCmQTlYin6tDq2VmgBb0dGZfPvI5662o9sHSP30LYpdEXisl7yhQ0zI8wteczcjS6qN5w8cvWePR9m1CUf58w==
[2025-06-24 13:08:35] gAAAAABoWlX7n1cBZtPROFo4IC2_EexDft0bzJxwYMVZjb47r3-0nQh8J549insACu7JVRSG4EL1CBAhYNtXz1VztcFSBccDTA==
[2025-06-24 13:08:35] gAAAAABoWlX7TGUbCfkBFmK6j9YjUt8gcClNrhhnQTszhknf3mxjeYT1XEZkU9a6-HR3RO1igH90WSjzqdFUuCUOF1-RqlCbdA==
[2025-06-24 13:08:35] gAAAAABoWlX7reOXWRFVSFXhc5Ava9vI2t2CcaTlNFUZhvJaKcXz-Of9xpHnDBgYITtVG7kMOcvKa7f2KPPUA5wP1rUB1Ul_5g==
[2025-06-24 13:08:35] gAAAAABoWlX78VGC3DSPfdAhXjFs2XqNgxRn5mvK37TQDn_8M_wivlgghOyXtmAvv-cHZqe1D_N5CLPOnAU7DjmCUicQjCXNBw==
[2025-06-24 13:08:35] gAAAAABoWlX75diEZv1JSK3N5AwfWcsNxm46QPVTlZp-7bnVZPWiS6ae28AWbS9ZXejm7fbCRW80LLRLF0rTYNzHSH3iTIS5pQ==
[2025-06-24 13:08:35] gAAAAABoWlX7YcBLW_ftBbaeDqD35F8F8X1IO-LR1jrW38goTcCrBVxPeHPP5qe3WhS9pEpJu0e2OxuOg-Vz6x1HVUYLOIQuMA==
[2025-06-24 13:08:35] gAAAAABoWlX7kx9UgIDXhv8QhDoSNtD9PC-kIw0W0D9kf9zdD5ggeoVQVpa4uDp-jOaiIiUPkGwcxG5TIENERI37EjpiPo_F5g==
[2025-06-24 13:08:35] gAAAAABoWlX7xPNCl2SfQyguCc0GPFR2OwIdmNkDVLIMKQhnBmMMdJRxBWVxI4lagornCEW6LhTTtMKXiAgCgPjA6iHSn8Bokg==
[2025-06-24 13:08:35] gAAAAABoWlX7KW8XHX5D2lVeaIJH_clO0b9pcd5xGwdkEcDeOsKZOEwABTHuoXF7j4EZpkEhKOKYfSvCj0HVbWhMwVi-1iCkKw==
[2025-06-24 13:08:36] gAAAAABoWlX8LPBJEgyDfGxHrEz8nNwvs_uDWG39nmkKRXClPpx5DNVnq8ZdauLN9FUzWJsxey1Vkv02JIPlADjz_NmooHpzHA==
[2025-06-24 13:08:36] gAAAAABoWlX8o7ieiYWorxKCJ7SWitP75F2nc7reffe0o7NF31PYvmI05Bycodltvjxs7703QUsEDxEfXK-fSxkFBPBp-y_UXg==
[2025-06-24 13:08:36] gAAAAABoWlX8FWC3UdyVlSokiBaEe802YsQXYJhKzYhzPmBiryFUJkqQszfQMPmHkEQhe6UV9DV4Ee0t2CJWZC51TQlZZ_t-uQ==
[2025-06-24 13:08:36] gAAAAABoWlX8neG5d-Wyz8EGBYIOm2EPBUDMbxqo3L6-gjCbi00KyJBXzZVmCaMow4H9itj5pjzO6d45mmns5XiH7kwDeN-icA==
[2025-06-24 13:08:53] gAAAAABoWlYN8lcXJsWCLHF7Hl9MKko24am5haHvedFd2f1X61h0ESdgOCRu3fra7zw3icJ-HB8fXcqtQlKi1tTmx4R3WFU-UQ==
[2025-06-24 13:08:54] gAAAAABoWlYOw1UUbTwnnZaGjuoLFyblqC2GH1IXOYr9qtxvi2fouWw-Ff-sHAXVHz4VxbnzkT1Xwhor_SR-C6vHeXXPJSB3MQ==
[2025-06-24 13:08:54] gAAAAABoWlYOKG6f5ugpMnM2MUVaWKqoiloQzzg6cx8xmRs7qAuFFMGe_2Vhq3AWSRFPTiOXQelICue3ZbW2o8GenTYcA8f4IQ==
[2025-06-24 13:09:07] gAAAAABoWlYbVrXD3eKzHGIJGaSixv4GqSovJdBwiHmm1BqkLNjwi0U9mzK8XzZ3fotQ5O4pMASw_1raOYaYvFAN7ZuiRItCzA==
[2025-06-24 13:09:07] gAAAAABoWlYbaLG2suiQ5k-s0J41_IvE2X65kP1p6hlc1ZCDXiv4RFtjT8vpuXmKaRo45wEwITSiJXlu17i_HUVvNq8m-3yTow==
[2025-06-24 13:09:08] gAAAAABoWlYcAk2BaeA-x1KrVzxt9g1-2Ydaes2aOjtlDXE5KpAvXtzsspeGBlr-cmoRw_naJvUc9_N2B-oBiQXl0jpnB-kHhw==
[2025-06-24 13:09:09] gAAAAABoWlYdVMsG49MmT4h1B5NMAa4MsslavdcGCqJyQIrslI7oDRNz5joFsbMjJSGV1Hy6JDnL1WpWcxG_UACbwvHhT_-WiA==
[2025-06-24 13:09:09] gAAAAABoWlYdZLwLEbrYwdIjF3XYcUO9CuQgFid8VkCMBnfMQdjIbiTGQpIZrFnuwcCZmmR4Trc2hGsjeoFwmJNxDVxT-ESdjQ==
[2025-06-24 13:09:09] gAAAAABoWlYdy3RYCQHxCTXM3keYzli6Hu2PW2e-miTZMbEcw6EVgp1yaYbyhG6Rr_Z5OkRMVcSN2P328ZIW4ZsIT_JB6H5fmg==
[2025-06-24 13:09:10] gAAAAABoWlYeLo1sgjj4AiwaCpceYklyVEMj5Car34QGv7XKKZ5PfTP5TDawDKEEUnJ5ec9rgh9eez8G98FeBtxbPitCxQh4rw==
[2025-06-24 13:09:10] gAAAAABoWlYemuz8yLjKxqWkBXBD5CMuIrK9YNxGYX90YJCgxltL8kKg-FwoKswIP98FemEf5FA2D6RK8VSR5-Yj6nW-nGxY0g==
[2025-06-24 13:09:13] gAAAAABoWlYhmS9UZ17dg9yQlYIy6oZgYq2VLp_2M7yapbmWaqbeLqOTuSDadtlT36fbBDR_WktZooftGFVu_U0o7onP5ZkoKQ==
[2025-06-24 13:09:14] gAAAAABoWlYiLpArhCa2kCj2Jdye1Up7upoiSL0KtzDgoNpFzOjGhIoDNdtsAqZFNfpNHD12uEIO2_68AknGHE71oMDkvjvWxw==
[2025-06-24 13:09:14] gAAAAABoWlYiWxIRjMZWYG_fqVWMMCiXsFfIBG-N2_OzdSWkwG5Mp7Lm7uEF1FCd5rCMKyOfjVPqiNi0Okhrv8mSSBXCOVoEvw==
[2025-06-24 13:09:14] gAAAAABoWlYi4MrQByrLbz198Odf8ZQyjtGblaDcVhARKkJxLEsIO0HLicC3_pjQry82jwoLh-mcPaxj73ewbCa6W-0sgAjq0w==
[2025-06-24 13:09:15] gAAAAABoWlYjQr-9xQGJB9hDLV8SKdsF0T0dq4YkWY4DlBvYtic8OAh5ZcepFIP3uSiz-slHtgW6s5gXIwgS0jt3B0pRFSCftw==
[2025-06-24 13:09:15] gAAAAABoWlYjPT0vH3Ymh012cTnAOi-M8aal26saxJA6CxxO2mFATpmh8B-WxAJtNN-0sgEzhH41MHbrU9j_VJfpRjvS1fxiZA==
[2025-06-24 13:09:15] gAAAAABoWlYjorCI5AZxxRcZ2KYTAKQt4kJ8CspwUb6V5F8jO77oRlz5nVenZ2nVD93iEOhdNHxGdtHotzYANB8IYo79LDxHsg==
[2025-06-24 13:09:15] gAAAAABoWlYjDw4IOxatKaS1YBv8t-J6OjlKcj-J5O_ikTVe87IhELkLdXehQ8MvkrUQi7EdnsT7VQ_xc-jnP5OODX05Afp2ZA==
[2025-06-24 13:09:16] gAAAAABoWlYkqvXPL7s-2oQ7F9BHO1iu_MD7gKwBVSEp4O8tohBzF36fvlmwBQuy-TKs9DcmOxpZ6wXmwwAcoPpEmQ8P3g8yyw==
[2025-06-24 13:09:19] gAAAAABoWlYnUDmvJodbFlCIZvO6s5lglwq23StS3DjnMKHBuEMB1I3IdiC4NPZHIcycrH7rlimR4soQiJsDBxxw11j1F2u3RA==
[2025-06-24 13:09:19] gAAAAABoWlYn2Lo3uBopRc-i4ZWA-wG3Usn3LRmNd-rv7fkY2n_xgpDWUWjL1Uu85Ua0LxVspI0nH4f6e8w7n1w7NcKBwfUshA==
[2025-06-24 13:09:19] gAAAAABoWlYn1BnxVpCs_J09uRJI3RU5wjZ58Yi2I2q9kpIdvlOC0uWe5gLPmspTMaBXD34V30KlToN9MctMnl11mOlMYes2HA==
[2025-06-24 13:09:41] gAAAAABoWlY9SBTFKjlMwo0yeLTdnhx2vM2prD5dj0H9akWPIOX_YlDOyEu9j_ENVaq0EhXkMSGeJ_t5HQZQqE1HtyKZs8TX5w==
[2025-06-24 13:09:41] gAAAAABoWlY9JKWdl0L3i-FIAcAGf09xjf1fQTmZC-g5-nylwPIntZ5kB5wL56-MPk17X-fLXeIzLFEJo2BS6J9Eku_Y1zi_Iw==
[2025-06-24 13:09:42] gAAAAABoWlY-hlkbjuuOon8juo4EeuhdcU3YVv6TEDSYf3N3FBSgRoW2YAFLp5bhqZIf7MLjLjw3BfMQ_gCD7ZoOqMwDZSVb0Q==
[2025-06-24 13:10:14] gAAAAABoWlZeb60pS5ZxDLAamkq8gWEM419Bz46Bp2xaWT4_nGol3wl68pK2d6Qzm15xz6FtZ6LVVVXowgeQCbwXl1EnRoeKRw==
[2025-06-24 13:10:14] gAAAAABoWlZeQiVvOGzDP1OS3KaLARIpyonWyD6gJoFzV-RKjqi-DMljLGZDDMxrZF8CIhurZK3n9mukLwXlszRUYGBU4UqrvA==
[2025-06-24 13:10:14] gAAAAABoWlZeE2ybY4Su1T8jjgCaNHDhu8pZ1pH_R1GfkohWCrcJantyHtYXvpKTajWbl58p19ew2yBmj8YXfew2iNWAFkwxSA==
